Flow report for spi_pro
Thu Aug 25 22:18:27 2016
Quartus II 64-Bit Version 12.0 Build 178 05/31/2012 SJ Full Version


---------------------
; Table of Contents ;
---------------------
  1. Legal Notice
  2. Flow Summary
  3. Flow Settings
  4. Flow Non-Default Global Settings
  5. Flow Elapsed Time
  6. Flow OS Summary
  7. Flow Log



----------------
; Legal Notice ;
----------------
Copyright (C) 1991-2012 Altera Corporation
Your use of Altera Corporation's design tools, logic functions 
and other software and tools, and its AMPP partner logic 
functions, and any output files from any of the foregoing 
(including device programming or simulation files), and any 
associated documentation or information are expressly subject 
to the terms and conditions of the Altera Program License 
Subscription Agreement, Altera MegaCore Function License 
Agreement, or other applicable license agreement, including, 
without limitation, that your use is for the sole purpose of 
programming logic devices manufactured by Altera and sold by 
Altera or its authorized distributors.  Please refer to the 
applicable agreement for further details.



+-----------------------------------------------------------------------+
; Flow Summary                                                          ;
+---------------------------+-------------------------------------------+
; Flow Status               ; Successful - Thu Aug 25 22:18:27 2016     ;
; Quartus II 64-Bit Version ; 12.0 Build 178 05/31/2012 SJ Full Version ;
; Revision Name             ; spi_pro                                   ;
; Top-level Entity Name     ; spi_pro                                   ;
; Family                    ; Cyclone                                   ;
; Device                    ; EP1C3T100C8                               ;
; Timing Models             ; Final                                     ;
; Total logic elements      ; 119 / 2,910 ( 4 % )                       ;
; Total pins                ; 17 / 65 ( 26 % )                          ;
; Total virtual pins        ; 0                                         ;
; Total memory bits         ; 0 / 59,904 ( 0 % )                        ;
; Total PLLs                ; 0 / 1 ( 0 % )                             ;
+---------------------------+-------------------------------------------+


+-----------------------------------------+
; Flow Settings                           ;
+-------------------+---------------------+
; Option            ; Setting             ;
+-------------------+---------------------+
; Start date & time ; 08/25/2016 22:18:07 ;
; Main task         ; Compilation         ;
; Revision Name     ; spi_pro             ;
+-------------------+---------------------+


+------------------------------------------------------------------------------------------------------------------------+
; Flow Non-Default Global Settings                                                                                       ;
+--------------------------------------+---------------------------------+---------------+-------------+-----------------+
; Assignment Name                      ; Value                           ; Default Value ; Entity Name ; Section Id      ;
+--------------------------------------+---------------------------------+---------------+-------------+-----------------+
; COMPILER_SIGNATURE_ID                ; 13764776791136.147213468703956  ; --            ; --          ; --              ;
; EDA_DESIGN_INSTANCE_NAME             ; i1                              ; --            ; --          ; spi_pro_vhd_tst ;
; EDA_NATIVELINK_SIMULATION_TEST_BENCH ; spi_pro_vhd_tst                 ; --            ; --          ; eda_simulation  ;
; EDA_OUTPUT_DATA_FORMAT               ; Vhdl                            ; --            ; --          ; eda_simulation  ;
; EDA_SIMULATION_TOOL                  ; ModelSim-Altera (VHDL)          ; <None>        ; --          ; --              ;
; EDA_TEST_BENCH_ENABLE_STATUS         ; TEST_BENCH_MODE                 ; --            ; --          ; eda_simulation  ;
; EDA_TEST_BENCH_FILE                  ; simulation/modelsim/spi_pro.vht ; --            ; --          ; spi_pro_vhd_tst ;
; EDA_TEST_BENCH_MODULE_NAME           ; spi_pro_vhd_tst                 ; --            ; --          ; spi_pro_vhd_tst ;
; EDA_TEST_BENCH_NAME                  ; spi_pro_vhd_tst                 ; --            ; --          ; eda_simulation  ;
; EDA_TIME_SCALE                       ; 1 ps                            ; --            ; --          ; eda_simulation  ;
; MAX_CORE_JUNCTION_TEMP               ; 85                              ; --            ; --          ; --              ;
; MIN_CORE_JUNCTION_TEMP               ; 0                               ; --            ; --          ; --              ;
; PARTITION_COLOR                      ; 16764057                        ; --            ; --          ; Top             ;
; PARTITION_FITTER_PRESERVATION_LEVEL  ; PLACEMENT_AND_ROUTING           ; --            ; --          ; Top             ;
; PARTITION_NETLIST_TYPE               ; SOURCE                          ; --            ; --          ; Top             ;
+--------------------------------------+---------------------------------+---------------+-------------+-----------------+


+-------------------------------------------------------------------------------------------------------------------------------+
; Flow Elapsed Time                                                                                                             ;
+---------------------------+--------------+-------------------------+---------------------+------------------------------------+
; Module Name               ; Elapsed Time ; Average Processors Used ; Peak Virtual Memory ; Total CPU Time (on all processors) ;
+---------------------------+--------------+-------------------------+---------------------+------------------------------------+
; Analysis & Synthesis      ; 00:00:03     ; 1.0                     ; 466 MB              ; 00:00:01                           ;
; Fitter                    ; 00:00:08     ; 1.0                     ; 570 MB              ; 00:00:02                           ;
; TimeQuest Timing Analyzer ; 00:00:03     ; 1.0                     ; 414 MB              ; 00:00:01                           ;
; Assembler                 ; 00:00:02     ; 1.0                     ; 379 MB              ; 00:00:01                           ;
; EDA Netlist Writer        ; 00:00:01     ; 1.0                     ; 357 MB              ; 00:00:00                           ;
; Total                     ; 00:00:17     ; --                      ; --                  ; 00:00:05                           ;
+---------------------------+--------------+-------------------------+---------------------+------------------------------------+


+----------------------------------------------------------------------------------------+
; Flow OS Summary                                                                        ;
+---------------------------+------------------+-----------+------------+----------------+
; Module Name               ; Machine Hostname ; OS Name   ; OS Version ; Processor type ;
+---------------------------+------------------+-----------+------------+----------------+
; Analysis & Synthesis      ; DESKTOP-RC5FL6L  ; Windows 7 ; 6.2        ; x86_64         ;
; Fitter                    ; DESKTOP-RC5FL6L  ; Windows 7 ; 6.2        ; x86_64         ;
; TimeQuest Timing Analyzer ; DESKTOP-RC5FL6L  ; Windows 7 ; 6.2        ; x86_64         ;
; Assembler                 ; DESKTOP-RC5FL6L  ; Windows 7 ; 6.2        ; x86_64         ;
; EDA Netlist Writer        ; DESKTOP-RC5FL6L  ; Windows 7 ; 6.2        ; x86_64         ;
+---------------------------+------------------+-----------+------------+----------------+


------------
; Flow Log ;
------------
quartus_map --read_settings_files=on --write_settings_files=off spi_pro -c spi_pro
quartus_fit --read_settings_files=off --write_settings_files=off spi_pro -c spi_pro
quartus_sta spi_pro -c spi_pro
quartus_asm --read_settings_files=off --write_settings_files=off spi_pro -c spi_pro
quartus_eda --read_settings_files=off --write_settings_files=off spi_pro -c spi_pro



